[ 2026-02-12 16:48:38,277 ] root - INFO - Entered the run_pipeline method of TrainPipeline class
[ 2026-02-12 16:48:38,277 ] root - INFO - Entered the start_data_ingestion method of TrainPipeline class
[ 2026-02-12 16:48:38,279 ] root - INFO - Getting the data from S3 Storage bucket
[ 2026-02-12 16:48:38,279 ] botocore.hooks - DEBUG - Changing event name from creating-client-class.iot-data to creating-client-class.iot-data-plane
[ 2026-02-12 16:48:38,279 ] botocore.hooks - DEBUG - Changing event name from before-call.apigateway to before-call.api-gateway
[ 2026-02-12 16:48:38,284 ] botocore.hooks - DEBUG - Changing event name from request-created.machinelearning.Predict to request-created.machine-learning.Predict
[ 2026-02-12 16:48:38,287 ] botocore.hooks - DEBUG - Changing event name from before-parameter-build.autoscaling.CreateLaunchConfiguration to before-parameter-build.auto-scaling.CreateLaunchConfiguration
[ 2026-02-12 16:48:38,287 ] botocore.hooks - DEBUG - Changing event name from before-parameter-build.route53 to before-parameter-build.route-53
[ 2026-02-12 16:48:38,287 ] botocore.hooks - DEBUG - Changing event name from request-created.cloudsearchdomain.Search to request-created.cloudsearch-domain.Search
[ 2026-02-12 16:48:38,289 ] botocore.hooks - DEBUG - Changing event name from docs.*.autoscaling.CreateLaunchConfiguration.complete-section to docs.*.auto-scaling.CreateLaunchConfiguration.complete-section
[ 2026-02-12 16:48:38,292 ] botocore.hooks - DEBUG - Changing event name from before-parameter-build.logs.CreateExportTask to before-parameter-build.cloudwatch-logs.CreateExportTask
[ 2026-02-12 16:48:38,292 ] botocore.hooks - DEBUG - Changing event name from docs.*.logs.CreateExportTask.complete-section to docs.*.cloudwatch-logs.CreateExportTask.complete-section
[ 2026-02-12 16:48:38,292 ] botocore.hooks - DEBUG - Changing event name from before-parameter-build.cloudsearchdomain.Search to before-parameter-build.cloudsearch-domain.Search
[ 2026-02-12 16:48:38,292 ] botocore.hooks - DEBUG - Changing event name from docs.*.cloudsearchdomain.Search.complete-section to docs.*.cloudsearch-domain.Search.complete-section
[ 2026-02-12 16:48:38,361 ] botocore.utils - DEBUG - IMDS ENDPOINT: http://169.254.169.254/
[ 2026-02-12 16:48:38,365 ] botocore.credentials - DEBUG - Looking for credentials via: env
[ 2026-02-12 16:48:38,365 ] botocore.credentials - DEBUG - Looking for credentials via: assume-role
[ 2026-02-12 16:48:38,365 ] botocore.credentials - DEBUG - Looking for credentials via: assume-role-with-web-identity
[ 2026-02-12 16:48:38,365 ] botocore.credentials - DEBUG - Looking for credentials via: sso
[ 2026-02-12 16:48:38,365 ] botocore.credentials - DEBUG - Looking for credentials via: shared-credentials-file
[ 2026-02-12 16:48:38,368 ] botocore.credentials - INFO - Found credentials in shared credentials file: ~/.aws/credentials
[ 2026-02-12 16:48:38,371 ] botocore.loaders - DEBUG - Loading JSON file: C:\Users\busin\miniconda3\envs\hate_tf\lib\site-packages\botocore\data\endpoints.json
[ 2026-02-12 16:48:38,399 ] botocore.loaders - DEBUG - Loading JSON file: C:\Users\busin\miniconda3\envs\hate_tf\lib\site-packages\botocore\data\sdk-default-configuration.json
[ 2026-02-12 16:48:38,399 ] botocore.hooks - DEBUG - Event choose-service-name: calling handler <function handle_service_name_alias at 0x0000019C21643670>
[ 2026-02-12 16:48:38,892 ] botocore.loaders - DEBUG - Loading JSON file: C:\Users\busin\miniconda3\envs\hate_tf\lib\site-packages\botocore\data\s3\2006-03-01\service-2.json.gz
[ 2026-02-12 16:48:38,907 ] botocore.loaders - DEBUG - Loading JSON file: C:\Users\busin\miniconda3\envs\hate_tf\lib\site-packages\botocore\data\s3\2006-03-01\service-2.sdk-extras.json
[ 2026-02-12 16:48:39,068 ] botocore.loaders - DEBUG - Loading JSON file: C:\Users\busin\miniconda3\envs\hate_tf\lib\site-packages\botocore\data\s3\2006-03-01\endpoint-rule-set-1.json.gz
[ 2026-02-12 16:48:39,091 ] botocore.loaders - DEBUG - Loading JSON file: C:\Users\busin\miniconda3\envs\hate_tf\lib\site-packages\botocore\data\partitions.json
[ 2026-02-12 16:48:39,091 ] botocore.hooks - DEBUG - Event creating-client-class.s3: calling handler <function add_generate_presigned_post at 0x0000019C215B9430>
[ 2026-02-12 16:48:39,091 ] botocore.hooks - DEBUG - Event creating-client-class.s3: calling handler <function lazy_call.<locals>._handler at 0x0000019C1E4EF0D0>
[ 2026-02-12 16:48:39,100 ] botocore.hooks - DEBUG - Event creating-client-class.s3: calling handler <function add_generate_presigned_url at 0x0000019C215B91F0>
[ 2026-02-12 16:48:39,100 ] botocore.configprovider - DEBUG - Looking for endpoint for s3 via: environment_service
[ 2026-02-12 16:48:39,100 ] botocore.configprovider - DEBUG - Looking for endpoint for s3 via: environment_global
[ 2026-02-12 16:48:39,100 ] botocore.configprovider - DEBUG - Looking for endpoint for s3 via: config_service
[ 2026-02-12 16:48:39,100 ] botocore.configprovider - DEBUG - Looking for endpoint for s3 via: config_global
[ 2026-02-12 16:48:39,100 ] botocore.configprovider - DEBUG - No configured endpoint found.
[ 2026-02-12 16:48:39,103 ] botocore.endpoint - DEBUG - Setting s3 timeout as (60, 60)
[ 2026-02-12 16:48:39,107 ] botocore.loaders - DEBUG - Loading JSON file: C:\Users\busin\miniconda3\envs\hate_tf\lib\site-packages\botocore\data\_retry.json
[ 2026-02-12 16:48:39,109 ] botocore.client - DEBUG - Registering retry handlers for service: s3
[ 2026-02-12 16:48:39,109 ] botocore.utils - DEBUG - Registering S3 region redirector handler
[ 2026-02-12 16:48:39,109 ] botocore.utils - DEBUG - Registering S3Express Identity Resolver
[ 2026-02-12 16:48:39,109 ] root - INFO - Entered the initiate_data_ingestion method of Data ingestion class
[ 2026-02-12 16:48:39,109 ] root - INFO - Starting data ingestion from S3...
